13:58:48.884 [main] INFO  api.test.UserTests - ********** Creating user ************
13:58:51.534 [main] INFO  api.test.UserTests - ********** User is created ************
13:58:51.537 [main] INFO  api.test.UserTests - ********** Reading user Info ************
13:58:53.025 [main] INFO  api.test.UserTests - ********** User info is displayed ************
13:58:53.036 [main] INFO  api.test.UserTests - ********** Updating User ************
13:58:54.379 [main] INFO  api.test.UserTests - ********** User is Updated ************
13:58:55.789 [main] INFO  api.test.UserTests - ********** Checking user after Update ************
13:58:56.800 [main] INFO  api.test.UserTests - ********** User updated successfully ************
13:58:56.804 [main] INFO  api.test.UserTests - ********** Deleting user ************
13:58:57.853 [main] INFO  api.test.UserTests - ********** user Deleted ************
14:01:11.383 [main] INFO  api.test.UserTests - ********** Creating user ************
14:01:14.283 [main] INFO  api.test.UserTests - ********** User is created ************
14:01:14.286 [main] INFO  api.test.UserTests - ********** Reading user Info ************
14:01:15.786 [main] INFO  api.test.UserTests - ********** User info is displayed ************
14:01:15.790 [main] INFO  api.test.UserTests - ********** Updating User ************
14:01:16.902 [main] INFO  api.test.UserTests - ********** User is Updated ************
14:01:17.961 [main] INFO  api.test.UserTests - ********** Checking user after Update ************
14:01:18.990 [main] INFO  api.test.UserTests - ********** User updated successfully ************
14:01:18.992 [main] INFO  api.test.UserTests - ********** Deleting user ************
14:01:20.069 [main] INFO  api.test.UserTests - ********** user Deleted ************
14:03:23.778 [main] DEBUG api.test.UserTests - debugging......
14:03:23.791 [main] INFO  api.test.UserTests - ********** Creating user ************
14:03:26.147 [main] INFO  api.test.UserTests - ********** User is created ************
14:03:26.149 [main] INFO  api.test.UserTests - ********** Reading user Info ************
14:03:27.371 [main] INFO  api.test.UserTests - ********** User info is displayed ************
14:03:27.374 [main] INFO  api.test.UserTests - ********** Updating User ************
14:03:28.697 [main] INFO  api.test.UserTests - ********** User is Updated ************
14:03:30.029 [main] INFO  api.test.UserTests - ********** Checking user after Update ************
14:03:31.093 [main] INFO  api.test.UserTests - ********** User updated successfully ************
14:03:31.096 [main] INFO  api.test.UserTests - ********** Deleting user ************
14:03:32.116 [main] INFO  api.test.UserTests - ********** user Deleted ************
14:21:16.926 [main] DEBUG api.test.UserTests - debugging......
14:21:16.935 [main] INFO  api.test.UserTests - ********** Creating user ************
14:21:19.454 [main] INFO  api.test.UserTests - ********** User is created ************
14:21:19.468 [main] INFO  api.test.UserTests - ********** Reading user Info ************
14:21:20.527 [main] INFO  api.test.UserTests - ********** User info is displayed ************
14:21:20.531 [main] INFO  api.test.UserTests - ********** Updating User ************
14:21:21.979 [main] INFO  api.test.UserTests - ********** User is Updated ************
14:21:23.102 [main] INFO  api.test.UserTests - ********** Checking user after Update ************
14:21:24.335 [main] INFO  api.test.UserTests - ********** User updated successfully ************
14:21:24.339 [main] INFO  api.test.UserTests - ********** Deleting user ************
14:21:25.388 [main] INFO  api.test.UserTests - ********** user Deleted ************
14:22:35.187 [main] DEBUG api.test.UserTests - debugging......
14:22:35.196 [main] INFO  api.test.UserTests - ********** Creating user ************
14:22:37.491 [main] INFO  api.test.UserTests - ********** User is created ************
14:22:37.500 [main] INFO  api.test.UserTests - ********** Reading user Info ************
14:22:38.547 [main] INFO  api.test.UserTests - ********** User info is displayed ************
14:22:38.551 [main] INFO  api.test.UserTests - ********** Updating User ************
14:22:39.692 [main] INFO  api.test.UserTests - ********** User is Updated ************
14:22:40.757 [main] INFO  api.test.UserTests - ********** Checking user after Update ************
14:22:41.945 [main] INFO  api.test.UserTests - ********** User updated successfully ************
14:22:41.949 [main] INFO  api.test.UserTests - ********** Deleting user ************
14:22:43.072 [main] INFO  api.test.UserTests - ********** user Deleted ************
14:34:14.904 [main] DEBUG api.test.UserTests - debugging......
14:34:14.913 [main] INFO  api.test.UserTests - ********** Creating user ************
14:34:17.369 [main] INFO  api.test.UserTests - ********** User is created ************
14:34:17.381 [main] INFO  api.test.UserTests - ********** Reading user Info ************
14:34:18.558 [main] INFO  api.test.UserTests - ********** User info is displayed ************
14:34:18.560 [main] INFO  api.test.UserTests - ********** Updating User ************
14:34:19.615 [main] INFO  api.test.UserTests - ********** User is Updated ************
14:34:20.663 [main] INFO  api.test.UserTests - ********** Checking user after Update ************
14:34:21.708 [main] INFO  api.test.UserTests - ********** User updated successfully ************
14:34:21.712 [main] INFO  api.test.UserTests - ********** Deleting user ************
14:34:23.134 [main] INFO  api.test.UserTests - ********** user Deleted ************
14:36:03.535 [main] DEBUG api.test.UserTests - debugging......
14:36:03.541 [main] INFO  api.test.UserTests - ********** Creating user ************
14:36:05.938 [main] INFO  api.test.UserTests - ********** User is created ************
14:36:06.053 [main] DEBUG org.apache.poi.openxml4j.opc.PackageRelationshipCollection - Parsing relationship: /xl/_rels/workbook.xml.rels
14:36:06.055 [main] DEBUG org.apache.poi.openxml4j.opc.PackageRelationshipCollection - Parsing relationship: /xl/worksheets/_rels/sheet1.xml.rels
14:36:06.056 [main] DEBUG org.apache.poi.openxml4j.opc.PackageRelationshipCollection - Parsing relationship: /_rels/.rels
14:36:06.401 [main] DEBUG org.apache.poi.openxml4j.opc.PackageRelationshipCollection - Parsing relationship: /xl/_rels/workbook.xml.rels
14:36:06.402 [main] DEBUG org.apache.poi.openxml4j.opc.PackageRelationshipCollection - Parsing relationship: /xl/worksheets/_rels/sheet1.xml.rels
14:36:06.402 [main] DEBUG org.apache.poi.openxml4j.opc.PackageRelationshipCollection - Parsing relationship: /_rels/.rels
14:36:06.430 [main] DEBUG org.apache.poi.openxml4j.opc.PackageRelationshipCollection - Parsing relationship: /xl/_rels/workbook.xml.rels
14:36:06.432 [main] DEBUG org.apache.poi.openxml4j.opc.PackageRelationshipCollection - Parsing relationship: /xl/worksheets/_rels/sheet1.xml.rels
14:36:06.433 [main] DEBUG org.apache.poi.openxml4j.opc.PackageRelationshipCollection - Parsing relationship: /_rels/.rels
14:36:06.473 [main] DEBUG org.apache.poi.openxml4j.opc.PackageRelationshipCollection - Parsing relationship: /xl/_rels/workbook.xml.rels
14:36:06.474 [main] DEBUG org.apache.poi.openxml4j.opc.PackageRelationshipCollection - Parsing relationship: /xl/worksheets/_rels/sheet1.xml.rels
14:36:06.474 [main] DEBUG org.apache.poi.openxml4j.opc.PackageRelationshipCollection - Parsing relationship: /_rels/.rels
14:36:06.492 [main] DEBUG org.apache.poi.openxml4j.opc.PackageRelationshipCollection - Parsing relationship: /xl/_rels/workbook.xml.rels
14:36:06.494 [main] DEBUG org.apache.poi.openxml4j.opc.PackageRelationshipCollection - Parsing relationship: /xl/worksheets/_rels/sheet1.xml.rels
14:36:06.495 [main] DEBUG org.apache.poi.openxml4j.opc.PackageRelationshipCollection - Parsing relationship: /_rels/.rels
14:36:06.512 [main] DEBUG org.apache.poi.openxml4j.opc.PackageRelationshipCollection - Parsing relationship: /xl/_rels/workbook.xml.rels
14:36:06.513 [main] DEBUG org.apache.poi.openxml4j.opc.PackageRelationshipCollection - Parsing relationship: /xl/worksheets/_rels/sheet1.xml.rels
14:36:06.514 [main] DEBUG org.apache.poi.openxml4j.opc.PackageRelationshipCollection - Parsing relationship: /_rels/.rels
14:36:06.534 [main] DEBUG org.apache.poi.openxml4j.opc.PackageRelationshipCollection - Parsing relationship: /xl/_rels/workbook.xml.rels
14:36:06.535 [main] DEBUG org.apache.poi.openxml4j.opc.PackageRelationshipCollection - Parsing relationship: /xl/worksheets/_rels/sheet1.xml.rels
14:36:06.535 [main] DEBUG org.apache.poi.openxml4j.opc.PackageRelationshipCollection - Parsing relationship: /_rels/.rels
14:36:06.551 [main] DEBUG org.apache.poi.openxml4j.opc.PackageRelationshipCollection - Parsing relationship: /xl/_rels/workbook.xml.rels
14:36:06.552 [main] DEBUG org.apache.poi.openxml4j.opc.PackageRelationshipCollection - Parsing relationship: /xl/worksheets/_rels/sheet1.xml.rels
14:36:06.552 [main] DEBUG org.apache.poi.openxml4j.opc.PackageRelationshipCollection - Parsing relationship: /_rels/.rels
14:36:06.570 [main] DEBUG org.apache.poi.openxml4j.opc.PackageRelationshipCollection - Parsing relationship: /xl/_rels/workbook.xml.rels
14:36:06.571 [main] DEBUG org.apache.poi.openxml4j.opc.PackageRelationshipCollection - Parsing relationship: /xl/worksheets/_rels/sheet1.xml.rels
14:36:06.571 [main] DEBUG org.apache.poi.openxml4j.opc.PackageRelationshipCollection - Parsing relationship: /_rels/.rels
14:36:06.586 [main] DEBUG org.apache.poi.openxml4j.opc.PackageRelationshipCollection - Parsing relationship: /xl/_rels/workbook.xml.rels
14:36:06.587 [main] DEBUG org.apache.poi.openxml4j.opc.PackageRelationshipCollection - Parsing relationship: /xl/worksheets/_rels/sheet1.xml.rels
14:36:06.588 [main] DEBUG org.apache.poi.openxml4j.opc.PackageRelationshipCollection - Parsing relationship: /_rels/.rels
14:36:06.602 [main] DEBUG org.apache.poi.openxml4j.opc.PackageRelationshipCollection - Parsing relationship: /xl/_rels/workbook.xml.rels
14:36:06.603 [main] DEBUG org.apache.poi.openxml4j.opc.PackageRelationshipCollection - Parsing relationship: /xl/worksheets/_rels/sheet1.xml.rels
14:36:06.604 [main] DEBUG org.apache.poi.openxml4j.opc.PackageRelationshipCollection - Parsing relationship: /_rels/.rels
14:36:06.618 [main] DEBUG org.apache.poi.openxml4j.opc.PackageRelationshipCollection - Parsing relationship: /xl/_rels/workbook.xml.rels
14:36:06.619 [main] DEBUG org.apache.poi.openxml4j.opc.PackageRelationshipCollection - Parsing relationship: /xl/worksheets/_rels/sheet1.xml.rels
14:36:06.619 [main] DEBUG org.apache.poi.openxml4j.opc.PackageRelationshipCollection - Parsing relationship: /_rels/.rels
14:36:06.633 [main] DEBUG org.apache.poi.openxml4j.opc.PackageRelationshipCollection - Parsing relationship: /xl/_rels/workbook.xml.rels
14:36:06.634 [main] DEBUG org.apache.poi.openxml4j.opc.PackageRelationshipCollection - Parsing relationship: /xl/worksheets/_rels/sheet1.xml.rels
14:36:06.635 [main] DEBUG org.apache.poi.openxml4j.opc.PackageRelationshipCollection - Parsing relationship: /_rels/.rels
14:36:06.649 [main] DEBUG org.apache.poi.openxml4j.opc.PackageRelationshipCollection - Parsing relationship: /xl/_rels/workbook.xml.rels
14:36:06.650 [main] DEBUG org.apache.poi.openxml4j.opc.PackageRelationshipCollection - Parsing relationship: /xl/worksheets/_rels/sheet1.xml.rels
14:36:06.654 [main] DEBUG org.apache.poi.openxml4j.opc.PackageRelationshipCollection - Parsing relationship: /_rels/.rels
14:36:06.667 [main] DEBUG org.apache.poi.openxml4j.opc.PackageRelationshipCollection - Parsing relationship: /xl/_rels/workbook.xml.rels
14:36:06.669 [main] DEBUG org.apache.poi.openxml4j.opc.PackageRelationshipCollection - Parsing relationship: /xl/worksheets/_rels/sheet1.xml.rels
14:36:06.669 [main] DEBUG org.apache.poi.openxml4j.opc.PackageRelationshipCollection - Parsing relationship: /_rels/.rels
14:36:06.688 [main] DEBUG org.apache.poi.openxml4j.opc.PackageRelationshipCollection - Parsing relationship: /xl/_rels/workbook.xml.rels
14:36:06.688 [main] DEBUG org.apache.poi.openxml4j.opc.PackageRelationshipCollection - Parsing relationship: /xl/worksheets/_rels/sheet1.xml.rels
14:36:06.689 [main] DEBUG org.apache.poi.openxml4j.opc.PackageRelationshipCollection - Parsing relationship: /_rels/.rels
14:36:06.709 [main] DEBUG org.apache.poi.openxml4j.opc.PackageRelationshipCollection - Parsing relationship: /xl/_rels/workbook.xml.rels
14:36:06.710 [main] DEBUG org.apache.poi.openxml4j.opc.PackageRelationshipCollection - Parsing relationship: /xl/worksheets/_rels/sheet1.xml.rels
14:36:06.710 [main] DEBUG org.apache.poi.openxml4j.opc.PackageRelationshipCollection - Parsing relationship: /_rels/.rels
14:36:06.723 [main] DEBUG org.apache.poi.openxml4j.opc.PackageRelationshipCollection - Parsing relationship: /xl/_rels/workbook.xml.rels
14:36:06.724 [main] DEBUG org.apache.poi.openxml4j.opc.PackageRelationshipCollection - Parsing relationship: /xl/worksheets/_rels/sheet1.xml.rels
14:36:06.725 [main] DEBUG org.apache.poi.openxml4j.opc.PackageRelationshipCollection - Parsing relationship: /_rels/.rels
14:36:06.743 [main] DEBUG org.apache.poi.openxml4j.opc.PackageRelationshipCollection - Parsing relationship: /xl/_rels/workbook.xml.rels
14:36:06.744 [main] DEBUG org.apache.poi.openxml4j.opc.PackageRelationshipCollection - Parsing relationship: /xl/worksheets/_rels/sheet1.xml.rels
14:36:06.745 [main] DEBUG org.apache.poi.openxml4j.opc.PackageRelationshipCollection - Parsing relationship: /_rels/.rels
14:36:06.756 [main] DEBUG org.apache.poi.openxml4j.opc.PackageRelationshipCollection - Parsing relationship: /xl/_rels/workbook.xml.rels
14:36:06.756 [main] DEBUG org.apache.poi.openxml4j.opc.PackageRelationshipCollection - Parsing relationship: /xl/worksheets/_rels/sheet1.xml.rels
14:36:06.757 [main] DEBUG org.apache.poi.openxml4j.opc.PackageRelationshipCollection - Parsing relationship: /_rels/.rels
14:36:06.769 [main] DEBUG org.apache.poi.openxml4j.opc.PackageRelationshipCollection - Parsing relationship: /xl/_rels/workbook.xml.rels
14:36:06.769 [main] DEBUG org.apache.poi.openxml4j.opc.PackageRelationshipCollection - Parsing relationship: /xl/worksheets/_rels/sheet1.xml.rels
14:36:06.770 [main] DEBUG org.apache.poi.openxml4j.opc.PackageRelationshipCollection - Parsing relationship: /_rels/.rels
14:36:06.781 [main] DEBUG org.apache.poi.openxml4j.opc.PackageRelationshipCollection - Parsing relationship: /xl/_rels/workbook.xml.rels
14:36:06.782 [main] DEBUG org.apache.poi.openxml4j.opc.PackageRelationshipCollection - Parsing relationship: /xl/worksheets/_rels/sheet1.xml.rels
14:36:06.782 [main] DEBUG org.apache.poi.openxml4j.opc.PackageRelationshipCollection - Parsing relationship: /_rels/.rels
14:36:06.795 [main] DEBUG org.apache.poi.openxml4j.opc.PackageRelationshipCollection - Parsing relationship: /xl/_rels/workbook.xml.rels
14:36:06.796 [main] DEBUG org.apache.poi.openxml4j.opc.PackageRelationshipCollection - Parsing relationship: /xl/worksheets/_rels/sheet1.xml.rels
14:36:06.797 [main] DEBUG org.apache.poi.openxml4j.opc.PackageRelationshipCollection - Parsing relationship: /_rels/.rels
14:36:10.398 [main] INFO  api.test.UserTests - ********** Reading user Info ************
14:36:11.496 [main] INFO  api.test.UserTests - ********** User info is displayed ************
14:36:11.503 [main] DEBUG org.apache.poi.openxml4j.opc.PackageRelationshipCollection - Parsing relationship: /xl/_rels/workbook.xml.rels
14:36:11.504 [main] DEBUG org.apache.poi.openxml4j.opc.PackageRelationshipCollection - Parsing relationship: /xl/worksheets/_rels/sheet1.xml.rels
14:36:11.506 [main] DEBUG org.apache.poi.openxml4j.opc.PackageRelationshipCollection - Parsing relationship: /_rels/.rels
14:36:11.521 [main] DEBUG org.apache.poi.openxml4j.opc.PackageRelationshipCollection - Parsing relationship: /xl/_rels/workbook.xml.rels
14:36:11.522 [main] DEBUG org.apache.poi.openxml4j.opc.PackageRelationshipCollection - Parsing relationship: /xl/worksheets/_rels/sheet1.xml.rels
14:36:11.522 [main] DEBUG org.apache.poi.openxml4j.opc.PackageRelationshipCollection - Parsing relationship: /_rels/.rels
14:36:11.534 [main] DEBUG org.apache.poi.openxml4j.opc.PackageRelationshipCollection - Parsing relationship: /xl/_rels/workbook.xml.rels
14:36:11.535 [main] DEBUG org.apache.poi.openxml4j.opc.PackageRelationshipCollection - Parsing relationship: /xl/worksheets/_rels/sheet1.xml.rels
14:36:11.536 [main] DEBUG org.apache.poi.openxml4j.opc.PackageRelationshipCollection - Parsing relationship: /_rels/.rels
14:36:11.546 [main] DEBUG org.apache.poi.openxml4j.opc.PackageRelationshipCollection - Parsing relationship: /xl/_rels/workbook.xml.rels
14:36:11.547 [main] DEBUG org.apache.poi.openxml4j.opc.PackageRelationshipCollection - Parsing relationship: /xl/worksheets/_rels/sheet1.xml.rels
14:36:11.547 [main] DEBUG org.apache.poi.openxml4j.opc.PackageRelationshipCollection - Parsing relationship: /_rels/.rels
14:36:14.869 [main] INFO  api.test.UserTests - ********** Updating User ************
14:36:16.179 [main] INFO  api.test.UserTests - ********** User is Updated ************
14:36:17.612 [main] INFO  api.test.UserTests - ********** Checking user after Update ************
14:36:18.668 [main] INFO  api.test.UserTests - ********** User updated successfully ************
14:36:18.669 [main] INFO  api.test.UserTests - ********** Deleting user ************
14:36:19.965 [main] INFO  api.test.UserTests - ********** user Deleted ************
14:37:57.194 [main] DEBUG api.test.UserTests - debugging......
14:37:57.202 [main] INFO  api.test.UserTests - ********** Creating user ************
14:37:59.765 [main] INFO  api.test.UserTests - ********** User is created ************
14:37:59.776 [main] INFO  api.test.UserTests - ********** Reading user Info ************
14:38:00.832 [main] INFO  api.test.UserTests - ********** User info is displayed ************
14:38:00.837 [main] INFO  api.test.UserTests - ********** Updating User ************
14:38:02.065 [main] INFO  api.test.UserTests - ********** User is Updated ************
14:38:03.132 [main] INFO  api.test.UserTests - ********** Checking user after Update ************
14:38:04.188 [main] INFO  api.test.UserTests - ********** User updated successfully ************
14:38:04.192 [main] INFO  api.test.UserTests - ********** Deleting user ************
14:38:05.236 [main] INFO  api.test.UserTests - ********** user Deleted ************
15:28:05.982 [main] DEBUG api.test.UserTests - debugging......
15:28:05.991 [main] INFO  api.test.UserTests - ********** Creating user ************
15:28:08.550 [main] INFO  api.test.UserTests - ********** User is created ************
15:28:08.563 [main] INFO  api.test.UserTests - ********** Reading user Info ************
15:29:21.025 [main] INFO  api.test.UserTests - ********** User info is displayed ************
15:29:21.029 [main] INFO  api.test.UserTests - ********** Updating User ************
15:29:22.067 [main] INFO  api.test.UserTests - ********** User is Updated ************
15:29:25.306 [main] INFO  api.test.UserTests - ********** Checking user after Update ************
16:03:56.461 [main] DEBUG api.test.UserTests2 - debugging......
16:03:56.470 [main] INFO  api.test.UserTests2 - ********** Creating user ************
16:03:58.933 [main] INFO  api.test.UserTests2 - ********** User is created ************
16:03:58.943 [main] INFO  api.test.UserTests2 - ********** Reading user Info ************
16:04:00.005 [main] INFO  api.test.UserTests2 - ********** User info is displayed ************
16:04:00.011 [main] INFO  api.test.UserTests2 - ********** Updating User ************
16:04:20.544 [main] INFO  api.test.UserTests2 - ********** User is Updated ************
16:04:21.644 [main] INFO  api.test.UserTests2 - ********** Checking user after Update ************
16:04:26.210 [main] INFO  api.test.UserTests2 - ********** User updated successfully ************
16:04:26.216 [main] INFO  api.test.UserTests2 - ********** Deleting user ************
16:24:28.691 [main] DEBUG api.test.UserTests - debugging......
16:24:28.699 [main] INFO  api.test.UserTests - ********** Creating user ************
16:24:30.932 [main] INFO  api.test.UserTests - ********** User is created ************
16:24:31.063 [main] DEBUG org.apache.poi.openxml4j.opc.PackageRelationshipCollection - Parsing relationship: /xl/_rels/workbook.xml.rels
16:24:31.065 [main] DEBUG org.apache.poi.openxml4j.opc.PackageRelationshipCollection - Parsing relationship: /xl/worksheets/_rels/sheet1.xml.rels
16:24:31.066 [main] DEBUG org.apache.poi.openxml4j.opc.PackageRelationshipCollection - Parsing relationship: /_rels/.rels
16:24:31.533 [main] DEBUG org.apache.poi.openxml4j.opc.PackageRelationshipCollection - Parsing relationship: /xl/_rels/workbook.xml.rels
16:24:31.534 [main] DEBUG org.apache.poi.openxml4j.opc.PackageRelationshipCollection - Parsing relationship: /xl/worksheets/_rels/sheet1.xml.rels
16:24:31.535 [main] DEBUG org.apache.poi.openxml4j.opc.PackageRelationshipCollection - Parsing relationship: /_rels/.rels
16:24:31.556 [main] DEBUG org.apache.poi.openxml4j.opc.PackageRelationshipCollection - Parsing relationship: /xl/_rels/workbook.xml.rels
16:24:31.557 [main] DEBUG org.apache.poi.openxml4j.opc.PackageRelationshipCollection - Parsing relationship: /xl/worksheets/_rels/sheet1.xml.rels
16:24:31.558 [main] DEBUG org.apache.poi.openxml4j.opc.PackageRelationshipCollection - Parsing relationship: /_rels/.rels
16:24:31.588 [main] DEBUG org.apache.poi.openxml4j.opc.PackageRelationshipCollection - Parsing relationship: /xl/_rels/workbook.xml.rels
16:24:31.589 [main] DEBUG org.apache.poi.openxml4j.opc.PackageRelationshipCollection - Parsing relationship: /xl/worksheets/_rels/sheet1.xml.rels
16:24:31.590 [main] DEBUG org.apache.poi.openxml4j.opc.PackageRelationshipCollection - Parsing relationship: /_rels/.rels
16:24:31.608 [main] DEBUG org.apache.poi.openxml4j.opc.PackageRelationshipCollection - Parsing relationship: /xl/_rels/workbook.xml.rels
16:24:31.609 [main] DEBUG org.apache.poi.openxml4j.opc.PackageRelationshipCollection - Parsing relationship: /xl/worksheets/_rels/sheet1.xml.rels
16:24:31.609 [main] DEBUG org.apache.poi.openxml4j.opc.PackageRelationshipCollection - Parsing relationship: /_rels/.rels
16:24:31.624 [main] DEBUG org.apache.poi.openxml4j.opc.PackageRelationshipCollection - Parsing relationship: /xl/_rels/workbook.xml.rels
16:24:31.624 [main] DEBUG org.apache.poi.openxml4j.opc.PackageRelationshipCollection - Parsing relationship: /xl/worksheets/_rels/sheet1.xml.rels
16:24:31.625 [main] DEBUG org.apache.poi.openxml4j.opc.PackageRelationshipCollection - Parsing relationship: /_rels/.rels
16:24:31.639 [main] DEBUG org.apache.poi.openxml4j.opc.PackageRelationshipCollection - Parsing relationship: /xl/_rels/workbook.xml.rels
16:24:31.640 [main] DEBUG org.apache.poi.openxml4j.opc.PackageRelationshipCollection - Parsing relationship: /xl/worksheets/_rels/sheet1.xml.rels
16:24:31.641 [main] DEBUG org.apache.poi.openxml4j.opc.PackageRelationshipCollection - Parsing relationship: /_rels/.rels
16:24:31.655 [main] DEBUG org.apache.poi.openxml4j.opc.PackageRelationshipCollection - Parsing relationship: /xl/_rels/workbook.xml.rels
16:24:31.655 [main] DEBUG org.apache.poi.openxml4j.opc.PackageRelationshipCollection - Parsing relationship: /xl/worksheets/_rels/sheet1.xml.rels
16:24:31.656 [main] DEBUG org.apache.poi.openxml4j.opc.PackageRelationshipCollection - Parsing relationship: /_rels/.rels
16:24:31.670 [main] DEBUG org.apache.poi.openxml4j.opc.PackageRelationshipCollection - Parsing relationship: /xl/_rels/workbook.xml.rels
16:24:31.671 [main] DEBUG org.apache.poi.openxml4j.opc.PackageRelationshipCollection - Parsing relationship: /xl/worksheets/_rels/sheet1.xml.rels
16:24:31.671 [main] DEBUG org.apache.poi.openxml4j.opc.PackageRelationshipCollection - Parsing relationship: /_rels/.rels
16:24:31.684 [main] DEBUG org.apache.poi.openxml4j.opc.PackageRelationshipCollection - Parsing relationship: /xl/_rels/workbook.xml.rels
16:24:31.685 [main] DEBUG org.apache.poi.openxml4j.opc.PackageRelationshipCollection - Parsing relationship: /xl/worksheets/_rels/sheet1.xml.rels
16:24:31.685 [main] DEBUG org.apache.poi.openxml4j.opc.PackageRelationshipCollection - Parsing relationship: /_rels/.rels
16:24:31.698 [main] DEBUG org.apache.poi.openxml4j.opc.PackageRelationshipCollection - Parsing relationship: /xl/_rels/workbook.xml.rels
16:24:31.699 [main] DEBUG org.apache.poi.openxml4j.opc.PackageRelationshipCollection - Parsing relationship: /xl/worksheets/_rels/sheet1.xml.rels
16:24:31.700 [main] DEBUG org.apache.poi.openxml4j.opc.PackageRelationshipCollection - Parsing relationship: /_rels/.rels
16:24:31.713 [main] DEBUG org.apache.poi.openxml4j.opc.PackageRelationshipCollection - Parsing relationship: /xl/_rels/workbook.xml.rels
16:24:31.714 [main] DEBUG org.apache.poi.openxml4j.opc.PackageRelationshipCollection - Parsing relationship: /xl/worksheets/_rels/sheet1.xml.rels
16:24:31.714 [main] DEBUG org.apache.poi.openxml4j.opc.PackageRelationshipCollection - Parsing relationship: /_rels/.rels
16:24:31.725 [main] DEBUG org.apache.poi.openxml4j.opc.PackageRelationshipCollection - Parsing relationship: /xl/_rels/workbook.xml.rels
16:24:31.726 [main] DEBUG org.apache.poi.openxml4j.opc.PackageRelationshipCollection - Parsing relationship: /xl/worksheets/_rels/sheet1.xml.rels
16:24:31.727 [main] DEBUG org.apache.poi.openxml4j.opc.PackageRelationshipCollection - Parsing relationship: /_rels/.rels
16:24:31.739 [main] DEBUG org.apache.poi.openxml4j.opc.PackageRelationshipCollection - Parsing relationship: /xl/_rels/workbook.xml.rels
16:24:31.739 [main] DEBUG org.apache.poi.openxml4j.opc.PackageRelationshipCollection - Parsing relationship: /xl/worksheets/_rels/sheet1.xml.rels
16:24:31.740 [main] DEBUG org.apache.poi.openxml4j.opc.PackageRelationshipCollection - Parsing relationship: /_rels/.rels
16:24:31.751 [main] DEBUG org.apache.poi.openxml4j.opc.PackageRelationshipCollection - Parsing relationship: /xl/_rels/workbook.xml.rels
16:24:31.752 [main] DEBUG org.apache.poi.openxml4j.opc.PackageRelationshipCollection - Parsing relationship: /xl/worksheets/_rels/sheet1.xml.rels
16:24:31.752 [main] DEBUG org.apache.poi.openxml4j.opc.PackageRelationshipCollection - Parsing relationship: /_rels/.rels
16:24:31.763 [main] DEBUG org.apache.poi.openxml4j.opc.PackageRelationshipCollection - Parsing relationship: /xl/_rels/workbook.xml.rels
16:24:31.764 [main] DEBUG org.apache.poi.openxml4j.opc.PackageRelationshipCollection - Parsing relationship: /xl/worksheets/_rels/sheet1.xml.rels
16:24:31.765 [main] DEBUG org.apache.poi.openxml4j.opc.PackageRelationshipCollection - Parsing relationship: /_rels/.rels
16:24:31.782 [main] DEBUG org.apache.poi.openxml4j.opc.PackageRelationshipCollection - Parsing relationship: /xl/_rels/workbook.xml.rels
16:24:31.783 [main] DEBUG org.apache.poi.openxml4j.opc.PackageRelationshipCollection - Parsing relationship: /xl/worksheets/_rels/sheet1.xml.rels
16:24:31.783 [main] DEBUG org.apache.poi.openxml4j.opc.PackageRelationshipCollection - Parsing relationship: /_rels/.rels
16:24:31.794 [main] DEBUG org.apache.poi.openxml4j.opc.PackageRelationshipCollection - Parsing relationship: /xl/_rels/workbook.xml.rels
16:24:31.794 [main] DEBUG org.apache.poi.openxml4j.opc.PackageRelationshipCollection - Parsing relationship: /xl/worksheets/_rels/sheet1.xml.rels
16:24:31.795 [main] DEBUG org.apache.poi.openxml4j.opc.PackageRelationshipCollection - Parsing relationship: /_rels/.rels
16:24:31.806 [main] DEBUG org.apache.poi.openxml4j.opc.PackageRelationshipCollection - Parsing relationship: /xl/_rels/workbook.xml.rels
16:24:31.807 [main] DEBUG org.apache.poi.openxml4j.opc.PackageRelationshipCollection - Parsing relationship: /xl/worksheets/_rels/sheet1.xml.rels
16:24:31.807 [main] DEBUG org.apache.poi.openxml4j.opc.PackageRelationshipCollection - Parsing relationship: /_rels/.rels
16:24:31.817 [main] DEBUG org.apache.poi.openxml4j.opc.PackageRelationshipCollection - Parsing relationship: /xl/_rels/workbook.xml.rels
16:24:31.818 [main] DEBUG org.apache.poi.openxml4j.opc.PackageRelationshipCollection - Parsing relationship: /xl/worksheets/_rels/sheet1.xml.rels
16:24:31.818 [main] DEBUG org.apache.poi.openxml4j.opc.PackageRelationshipCollection - Parsing relationship: /_rels/.rels
16:24:31.828 [main] DEBUG org.apache.poi.openxml4j.opc.PackageRelationshipCollection - Parsing relationship: /xl/_rels/workbook.xml.rels
16:24:31.829 [main] DEBUG org.apache.poi.openxml4j.opc.PackageRelationshipCollection - Parsing relationship: /xl/worksheets/_rels/sheet1.xml.rels
16:24:31.829 [main] DEBUG org.apache.poi.openxml4j.opc.PackageRelationshipCollection - Parsing relationship: /_rels/.rels
16:24:31.838 [main] DEBUG org.apache.poi.openxml4j.opc.PackageRelationshipCollection - Parsing relationship: /xl/_rels/workbook.xml.rels
16:24:31.839 [main] DEBUG org.apache.poi.openxml4j.opc.PackageRelationshipCollection - Parsing relationship: /xl/worksheets/_rels/sheet1.xml.rels
16:24:31.839 [main] DEBUG org.apache.poi.openxml4j.opc.PackageRelationshipCollection - Parsing relationship: /_rels/.rels
16:24:31.849 [main] DEBUG org.apache.poi.openxml4j.opc.PackageRelationshipCollection - Parsing relationship: /xl/_rels/workbook.xml.rels
16:24:31.850 [main] DEBUG org.apache.poi.openxml4j.opc.PackageRelationshipCollection - Parsing relationship: /xl/worksheets/_rels/sheet1.xml.rels
16:24:31.850 [main] DEBUG org.apache.poi.openxml4j.opc.PackageRelationshipCollection - Parsing relationship: /_rels/.rels
16:33:58.462 [main] DEBUG api.test.UserTests2 - debugging......
16:33:58.469 [main] INFO  api.test.UserTests2 - ********** Creating user ************
16:34:00.984 [main] INFO  api.test.UserTests2 - ********** User is created ************
16:34:00.993 [main] INFO  api.test.UserTests2 - ********** Reading user Info ************
16:34:03.563 [main] INFO  api.test.UserTests2 - ********** User info is displayed ************
16:34:03.565 [main] INFO  api.test.UserTests2 - ********** Updating User ************
16:34:05.392 [main] INFO  api.test.UserTests2 - ********** User is Updated ************
21:03:22.396 [main] DEBUG api.test.UserTests2 - debugging......
21:03:22.406 [main] INFO  api.test.UserTests2 - ********** Creating user ************
21:03:24.972 [main] INFO  api.test.UserTests2 - ********** User is created ************
21:03:24.983 [main] INFO  api.test.UserTests2 - ********** Reading user Info ************
21:03:26.076 [main] INFO  api.test.UserTests2 - ********** User info is displayed ************
21:03:26.080 [main] INFO  api.test.UserTests2 - ********** Updating User ************
21:03:27.261 [main] INFO  api.test.UserTests2 - ********** User is Updated ************
21:03:28.315 [main] INFO  api.test.UserTests2 - ********** Checking user after Update ************
21:03:29.360 [main] INFO  api.test.UserTests2 - ********** User updated successfully ************
21:03:29.365 [main] INFO  api.test.UserTests2 - ********** Deleting user ************
21:03:30.407 [main] INFO  api.test.UserTests2 - ********** user Deleted ************
21:30:08.282 [main] DEBUG api.test.UserTests2 - debugging......
21:30:08.389 [main] INFO  api.test.UserTests2 - ********** Creating user ************
21:30:11.042 [main] INFO  api.test.UserTests2 - ********** User is created ************
21:30:11.058 [main] INFO  api.test.UserTests2 - ********** Reading user Info ************
21:30:12.250 [main] INFO  api.test.UserTests2 - ********** User info is displayed ************
21:30:12.255 [main] INFO  api.test.UserTests2 - ********** Updating User ************
21:30:13.322 [main] INFO  api.test.UserTests2 - ********** User is Updated ************
21:30:14.815 [main] INFO  api.test.UserTests2 - ********** Checking user after Update ************
21:30:15.957 [main] INFO  api.test.UserTests2 - ********** User updated successfully ************
21:30:15.958 [main] INFO  api.test.UserTests2 - ********** Deleting user ************
21:30:17.160 [main] INFO  api.test.UserTests2 - ********** user Deleted ************
21:33:10.056 [main] DEBUG api.test.UserTests2 - debugging......
21:33:10.133 [main] INFO  api.test.UserTests2 - ********** Creating user ************
21:33:15.674 [main] INFO  api.test.UserTests2 - ********** User is created ************
21:33:15.681 [main] INFO  api.test.UserTests2 - ********** Reading user Info ************
21:33:16.781 [main] INFO  api.test.UserTests2 - ********** User info is displayed ************
21:33:16.785 [main] INFO  api.test.UserTests2 - ********** Updating User ************
21:33:17.831 [main] INFO  api.test.UserTests2 - ********** User is Updated ************
21:33:18.932 [main] INFO  api.test.UserTests2 - ********** Checking user after Update ************
21:33:19.984 [main] INFO  api.test.UserTests2 - ********** User updated successfully ************
21:33:19.988 [main] INFO  api.test.UserTests2 - ********** Deleting user ************
21:33:21.030 [main] INFO  api.test.UserTests2 - ********** user Deleted ************
21:35:08.322 [main] DEBUG api.test.UserTests2 - debugging......
21:35:08.403 [main] INFO  api.test.UserTests2 - ********** Creating user ************
21:35:10.730 [main] INFO  api.test.UserTests2 - ********** User is created ************
21:35:10.737 [main] INFO  api.test.UserTests2 - ********** Reading user Info ************
21:35:11.799 [main] INFO  api.test.UserTests2 - ********** User info is displayed ************
21:35:11.804 [main] INFO  api.test.UserTests2 - ********** Updating User ************
21:35:12.885 [main] INFO  api.test.UserTests2 - ********** User is Updated ************
21:35:13.964 [main] INFO  api.test.UserTests2 - ********** Checking user after Update ************
21:35:15.069 [main] INFO  api.test.UserTests2 - ********** User updated successfully ************
21:35:15.073 [main] INFO  api.test.UserTests2 - ********** Deleting user ************
21:35:16.102 [main] INFO  api.test.UserTests2 - ********** user Deleted ************
22:16:30.266 [main] DEBUG api.test.UserTests2 - debugging......
22:16:30.343 [main] INFO  api.test.UserTests2 - ********** Creating user ************
22:16:32.931 [main] INFO  api.test.UserTests2 - ********** User is created ************
22:16:32.939 [main] INFO  api.test.UserTests2 - ********** Reading user Info ************
22:16:33.996 [main] INFO  api.test.UserTests2 - ********** User info is displayed ************
22:16:34.000 [main] INFO  api.test.UserTests2 - ********** Updating User ************
22:16:35.073 [main] INFO  api.test.UserTests2 - ********** User is Updated ************
22:16:36.121 [main] INFO  api.test.UserTests2 - ********** Checking user after Update ************
22:16:37.175 [main] INFO  api.test.UserTests2 - ********** User updated successfully ************
22:16:37.180 [main] INFO  api.test.UserTests2 - ********** Deleting user ************
22:16:38.391 [main] INFO  api.test.UserTests2 - ********** user Deleted ************
